<?xml version="1.0" encoding="UTF-8"?>
<testsuite xmlns:xsi="http://www.w3.org/2001/XMLSchema-instance" xsi:noNamespaceSchemaLocation="https://maven.apache.org/surefire/maven-surefire-plugin/xsd/surefire-test-report-3.0.xsd" version="3.0" name="org.acme.GreetingResourceTest" time="3.422" tests="1" errors="0" skipped="0" failures="0">
  <properties>
[...]
</properties>
  <testcase name="testHelloEndpoint" classname="org.acme.GreetingResourceTest" time="0.563">
    <system-out><![CDATA[2024-08-26 14:24:37,602 INFO  [io.quarkus] (main) myservice  1.0-SNAPSHOT on JVM (powered by Quarkus 3.13.2) started in 1.453s. Listening on: http://localhost:8081
2024-08-26 14:24:37,603 INFO  [io.quarkus] (main) Profile test activated. 
2024-08-26 14:24:37,604 INFO  [io.quarkus] (main) Installed features: [cdi, opentelemetry, rest, rest-jackson, smallrye-context-propagation, vertx]
]]></system-out>
  </testcase>
</testsuite>